<?xml version='1.0' encoding='UTF-8'?>
<testsuite hostname="DESKTOP-BEIHPOJ" name="CubeCalculatorTest" tests="1" errors="0" failures="0" skipped="0" time="0.034" timestamp="2021-03-24T10:09:07">
                     <properties>
[...]
</properties>
                     <testcase classname="CubeCalculatorTest" name="CubeCalculator.cube" time="0.034">
                                                 
                                               </testcase>
                     <system-out><![CDATA[]]></system-out>
                     <system-err><![CDATA[]]></system-err>
                   </testsuite>